2025-02-07 12:51:23,655 - INFO - [31m[1mWARNING: This is a development server. Do not use it in a production deployment. Use a production WSGI server instead.[0m
 * Running on all addresses (0.0.0.0)
 * Running on http://127.0.0.1:5000
 * Running on http://192.168.0.107:5000
2025-02-07 12:51:23,655 - INFO - [33mPress CTRL+C to quit[0m
2025-02-07 12:51:23,656 - INFO -  * Restarting with stat
2025-02-07 12:51:23,935 - WARNING -  * Debugger is active!
2025-02-07 12:51:23,935 - INFO -  * Debugger PIN: 427-007-045
2025-02-07 12:51:29,199 - INFO - HTTP Request: GET https://test1c.uvito.ua:17081/ProfiFOOD/hs/goods/tovars "HTTP/2 200 OK"
2025-02-07 12:51:31,497 - INFO - 🔍 Исходное значение: 0 → Очищенное: 0 | Тип: <class 'str'>
2025-02-07 12:51:32,181 - INFO - 🔍 Исходное значение: 149 → Очищенное: 149 | Тип: <class 'str'>
2025-02-07 12:51:32,777 - INFO - 🔍 Исходное значение: 476 → Очищенное: 476 | Тип: <class 'str'>
2025-02-07 12:51:33,458 - INFO - 🔍 Исходное значение: 348 → Очищенное: 348 | Тип: <class 'str'>
2025-02-07 12:51:34,061 - INFO - 🔍 Исходное значение: 7 → Очищенное: 7 | Тип: <class 'str'>
2025-02-07 12:51:34,799 - INFO - 🔍 Исходное значение: 7 → Очищенное: 7 | Тип: <class 'str'>
2025-02-07 12:51:35,344 - INFO - 🔍 Исходное значение: 2 → Очищенное: 2 | Тип: <class 'str'>
2025-02-07 12:51:36,061 - INFO - 🔍 Исходное значение: 3 → Очищенное: 3 | Тип: <class 'str'>
2025-02-07 12:51:36,686 - INFO - 🔍 Исходное значение: 0 → Очищенное: 0 | Тип: <class 'str'>
2025-02-07 12:51:37,363 - INFO - 🔍 Исходное значение: 0 → Очищенное: 0 | Тип: <class 'str'>
2025-02-07 12:51:37,925 - INFO - 🔍 Исходное значение: 0 → Очищенное: 0 | Тип: <class 'str'>
2025-02-07 12:51:38,534 - INFO - 🔍 Исходное значение: 0 → Очищенное: 0 | Тип: <class 'str'>
2025-02-07 12:51:39,144 - INFO - 🔍 Исходное значение: 151 → Очищенное: 151 | Тип: <class 'str'>
2025-02-07 12:51:39,751 - INFO - 🔍 Исходное значение: 0 → Очищенное: 0 | Тип: <class 'str'>
2025-02-07 12:51:40,353 - INFO - 🔍 Исходное значение: 0 → Очищенное: 0 | Тип: <class 'str'>
2025-02-07 12:51:41,055 - INFO - 🔍 Исходное значение: 0 → Очищенное: 0 | Тип: <class 'str'>
2025-02-07 12:51:41,855 - INFO - 🔍 Исходное значение: 0 → Очищенное: 0 | Тип: <class 'str'>
2025-02-07 12:51:42,520 - INFO - 🔍 Исходное значение: 2,15 → Очищенное: 2.15 | Тип: <class 'str'>
2025-02-07 12:51:43,137 - INFO - 🔍 Исходное значение: 0 → Очищенное: 0 | Тип: <class 'str'>
2025-02-07 12:51:43,812 - INFO - 🔍 Исходное значение: 1 → Очищенное: 1 | Тип: <class 'str'>
2025-02-07 12:51:44,387 - INFO - 🔍 Исходное значение: 0 → Очищенное: 0 | Тип: <class 'str'>
2025-02-07 12:51:45,056 - INFO - 🔍 Исходное значение: 0 → Очищенное: 0 | Тип: <class 'str'>
2025-02-07 12:51:45,653 - INFO - 🔍 Исходное значение: 0 → Очищенное: 0 | Тип: <class 'str'>
2025-02-07 12:51:46,333 - INFO - 🔍 Исходное значение: 0 → Очищенное: 0 | Тип: <class 'str'>
2025-02-07 12:51:46,859 - INFO - 🔍 Исходное значение: 0 → Очищенное: 0 | Тип: <class 'str'>
2025-02-07 12:51:47,397 - INFO - 🔍 Исходное значение: 1 → Очищенное: 1 | Тип: <class 'str'>
2025-02-07 12:51:48,003 - INFO - 🔍 Исходное значение: 13 → Очищенное: 13 | Тип: <class 'str'>
2025-02-07 12:51:48,558 - INFO - 🔍 Исходное значение: 0 → Очищенное: 0 | Тип: <class 'str'>
2025-02-07 12:51:49,107 - INFO - 🔍 Исходное значение: 0 → Очищенное: 0 | Тип: <class 'str'>
2025-02-07 12:51:49,740 - INFO - 🔍 Исходное значение: 0 → Очищенное: 0 | Тип: <class 'str'>
2025-02-07 12:51:50,550 - INFO - 🔍 Исходное значение: 0 → Очищенное: 0 | Тип: <class 'str'>
2025-02-07 12:51:51,234 - INFO - 🔍 Исходное значение: 0 → Очищенное: 0 | Тип: <class 'str'>
2025-02-07 12:51:51,903 - INFO - 🔍 Исходное значение: 0 → Очищенное: 0 | Тип: <class 'str'>
2025-02-07 12:51:52,519 - INFO - 🔍 Исходное значение: 1 → Очищенное: 1 | Тип: <class 'str'>
2025-02-07 12:51:53,101 - INFO - 🔍 Исходное значение: 1 → Очищенное: 1 | Тип: <class 'str'>
2025-02-07 12:51:53,654 - INFO - 🔍 Исходное значение: 0 → Очищенное: 0 | Тип: <class 'str'>
2025-02-07 12:51:54,230 - INFO - 🔍 Исходное значение: 1 → Очищенное: 1 | Тип: <class 'str'>
2025-02-07 12:51:54,941 - INFO - 🔍 Исходное значение: 0 → Очищенное: 0 | Тип: <class 'str'>
2025-02-07 12:51:55,479 - INFO - 🔍 Исходное значение: 0 → Очищенное: 0 | Тип: <class 'str'>
2025-02-07 12:51:56,153 - INFO - 🔍 Исходное значение: 0 → Очищенное: 0 | Тип: <class 'str'>
2025-02-07 12:51:56,716 - INFO - 🔍 Исходное значение: 0 → Очищенное: 0 | Тип: <class 'str'>
2025-02-07 12:51:57,297 - INFO - 🔍 Исходное значение: 0 → Очищенное: 0 | Тип: <class 'str'>
2025-02-07 12:51:57,903 - INFO - 🔍 Исходное значение: 0 → Очищенное: 0 | Тип: <class 'str'>
2025-02-07 12:51:58,526 - INFO - 🔍 Исходное значение: 0 → Очищенное: 0 | Тип: <class 'str'>
2025-02-07 12:51:59,186 - INFO - 🔍 Исходное значение: 2 → Очищенное: 2 | Тип: <class 'str'>
2025-02-07 12:51:59,801 - INFO - 🔍 Исходное значение: 0 → Очищенное: 0 | Тип: <class 'str'>
2025-02-07 12:52:00,419 - INFO - 🔍 Исходное значение: 1 → Очищенное: 1 | Тип: <class 'str'>
2025-02-07 12:52:01,055 - INFO - 🔍 Исходное значение: 0 → Очищенное: 0 | Тип: <class 'str'>
2025-02-07 12:52:01,692 - INFO - 🔍 Исходное значение: 0 → Очищенное: 0 | Тип: <class 'str'>
2025-02-07 12:52:02,384 - INFO - 🔍 Исходное значение: 0 → Очищенное: 0 | Тип: <class 'str'>
2025-02-07 12:52:03,055 - INFO - 🔍 Исходное значение: 0 → Очищенное: 0 | Тип: <class 'str'>
2025-02-07 12:52:03,779 - INFO - 🔍 Исходное значение: 4 → Очищенное: 4 | Тип: <class 'str'>
2025-02-07 12:52:04,394 - INFO - 🔍 Исходное значение: 1 → Очищенное: 1 | Тип: <class 'str'>
2025-02-07 12:52:05,199 - INFO - 🔍 Исходное значение: 6 → Очищенное: 6 | Тип: <class 'str'>
2025-02-07 12:52:07,317 - INFO - 🔍 Исходное значение: 0 → Очищенное: 0 | Тип: <class 'str'>
2025-02-07 12:52:07,919 - INFO - 🔍 Исходное значение: 5 → Очищенное: 5 | Тип: <class 'str'>
2025-02-07 12:52:08,481 - INFO - 🔍 Исходное значение: 22 → Очищенное: 22 | Тип: <class 'str'>
2025-02-07 12:52:09,117 - INFO - 🔍 Исходное значение: 10 → Очищенное: 10 | Тип: <class 'str'>
2025-02-07 12:52:11,062 - INFO - 🔍 Исходное значение: 0 → Очищенное: 0 | Тип: <class 'str'>
2025-02-07 12:52:11,758 - INFO - 🔍 Исходное значение: 0 → Очищенное: 0 | Тип: <class 'str'>
2025-02-07 12:52:12,444 - INFO - 🔍 Исходное значение: 0 → Очищенное: 0 | Тип: <class 'str'>
2025-02-07 12:52:13,073 - INFO - 🔍 Исходное значение: 0 → Очищенное: 0 | Тип: <class 'str'>
2025-02-07 12:52:14,940 - INFO - 🔍 Исходное значение: 0 → Очищенное: 0 | Тип: <class 'str'>
2025-02-07 12:52:15,531 - INFO - 🔍 Исходное значение: 0 → Очищенное: 0 | Тип: <class 'str'>
2025-02-07 12:52:16,334 - INFO - 🔍 Исходное значение: 0 → Очищенное: 0 | Тип: <class 'str'>
2025-02-07 12:52:18,161 - INFO - 🔍 Исходное значение: 37 → Очищенное: 37 | Тип: <class 'str'>
2025-02-07 12:52:18,783 - INFO - 🔍 Исходное значение: 0 → Очищенное: 0 | Тип: <class 'str'>
2025-02-07 12:52:19,355 - INFO - 🔍 Исходное значение: 0 → Очищенное: 0 | Тип: <class 'str'>
2025-02-07 12:52:20,055 - INFO - 🔍 Исходное значение: 0 → Очищенное: 0 | Тип: <class 'str'>
2025-02-07 12:52:21,986 - INFO - 🔍 Исходное значение: 0 → Очищенное: 0 | Тип: <class 'str'>
2025-02-07 12:52:22,668 - INFO - 🔍 Исходное значение: 0 → Очищенное: 0 | Тип: <class 'str'>
2025-02-07 12:52:23,286 - INFO - 🔍 Исходное значение: 26 → Очищенное: 26 | Тип: <class 'str'>
2025-02-07 12:52:25,050 - INFO - 🔍 Исходное значение: 0 → Очищенное: 0 | Тип: <class 'str'>
2025-02-07 12:52:25,652 - INFO - 🔍 Исходное значение: 0 → Очищенное: 0 | Тип: <class 'str'>
2025-02-07 12:52:26,349 - INFO - 🔍 Исходное значение: 0 → Очищенное: 0 | Тип: <class 'str'>
2025-02-07 12:52:26,926 - INFO - 🔍 Исходное значение: 0 → Очищенное: 0 | Тип: <class 'str'>
2025-02-07 12:52:28,877 - INFO - 🔍 Исходное значение: 1 → Очищенное: 1 | Тип: <class 'str'>
2025-02-07 12:52:29,493 - INFO - 🔍 Исходное значение: 0 → Очищенное: 0 | Тип: <class 'str'>
2025-02-07 12:52:30,056 - INFO - 🔍 Исходное значение: 0 → Очищенное: 0 | Тип: <class 'str'>
2025-02-07 12:52:31,956 - INFO - 🔍 Исходное значение: 0 → Очищенное: 0 | Тип: <class 'str'>
2025-02-07 12:52:32,736 - INFO - 🔍 Исходное значение: 0 → Очищенное: 0 | Тип: <class 'str'>
2025-02-07 12:52:33,400 - INFO - 🔍 Исходное значение: 75 → Очищенное: 75 | Тип: <class 'str'>
2025-02-07 12:52:34,067 - INFO - 🔍 Исходное значение: 0 → Очищенное: 0 | Тип: <class 'str'>
